app/build/intermediates/manifest_merge_blame_file/release/manifest-merger-blame-release-report.txt
1<?xml version="1.0" encoding="utf-8"?>
2<manifest xmlns:android="http://schemas.android.com/apk/res/android"
3    package="com.techgeeks.notalone.number.huawei"
4    android:versionCode="2"
5    android:versionName="1.0.1" >
6
7    <uses-sdk
8        android:minSdkVersion="19"
8-->src\main\AndroidManifest.xml
9        android:targetSdkVersion="29" />
9-->src\main\AndroidManifest.xml
10
11    <uses-permission android:name="android.permission.ACCESS_NETWORK_STATE" />
11-->src\main\AndroidManifest.xml:5:5-79
11-->src\main\AndroidManifest.xml:5:22-76
12    <uses-permission android:name="android.permission.INTERNET" />
12-->src\main\AndroidManifest.xml:6:5-67
12-->src\main\AndroidManifest.xml:6:22-64
13    <uses-permission android:name="android.permission.VIBRATE" />
13-->src\main\AndroidManifest.xml:7:5-66
13-->src\main\AndroidManifest.xml:7:22-63
14    <uses-permission android:name="android.permission.BLUETOOTH" />
14-->[com.huawei.hms:ads-core:3.4.49.301] AndroidManifest.xml:13:5-68
14-->[com.huawei.hms:ads-core:3.4.49.301] AndroidManifest.xml:13:22-65
15    <uses-permission android:name="android.permission.CAMERA" />
15-->[com.huawei.hms:ads-core:3.4.49.301] AndroidManifest.xml:14:5-65
15-->[com.huawei.hms:ads-core:3.4.49.301] AndroidManifest.xml:14:22-62
16    <uses-permission android:name="android.permission.READ_CALENDAR" />
16-->[com.huawei.hms:ads-core:3.4.49.301] AndroidManifest.xml:15:5-72
16-->[com.huawei.hms:ads-core:3.4.49.301] AndroidManifest.xml:15:22-69
17    <uses-permission android:name="android.permission.WRITE_CALENDAR" />
17-->[com.huawei.hms:ads-core:3.4.49.301] AndroidManifest.xml:16:5-73
17-->[com.huawei.hms:ads-core:3.4.49.301] AndroidManifest.xml:16:22-70
18    <uses-permission android:name="android.permission.ACCESS_WIFI_STATE" />
18-->[com.huawei.hms:ads-core:3.4.49.301] AndroidManifest.xml:19:5-76
18-->[com.huawei.hms:ads-core:3.4.49.301] AndroidManifest.xml:19:22-73
19    <uses-permission android:name="android.permission.REQUEST_INSTALL_PACKAGES" />
19-->[com.huawei.hms:ads-core:3.4.49.301] AndroidManifest.xml:20:5-83
19-->[com.huawei.hms:ads-core:3.4.49.301] AndroidManifest.xml:20:22-80
20    <uses-permission android:name="com.huawei.permission.sec.MDM.v2" />
20-->[com.huawei.hms:ads-core:3.4.49.301] AndroidManifest.xml:21:5-72
20-->[com.huawei.hms:ads-core:3.4.49.301] AndroidManifest.xml:21:22-69
21    <uses-permission android:name="android.permission.GET_TASKS" />
21-->[com.huawei.hms:ads-core:3.4.49.301] AndroidManifest.xml:22:5-68
21-->[com.huawei.hms:ads-core:3.4.49.301] AndroidManifest.xml:22:22-65
22    <uses-permission android:name="android.permission.REAL_GET_TASKS" />
22-->[com.huawei.hms:ads-core:3.4.49.301] AndroidManifest.xml:23:5-73
22-->[com.huawei.hms:ads-core:3.4.49.301] AndroidManifest.xml:23:22-70
23    <uses-permission android:name="com.huawei.permission.sec.ACCESS_UDID" />
23-->[com.huawei.hms:ads-core:3.4.49.301] AndroidManifest.xml:24:5-77
23-->[com.huawei.hms:ads-core:3.4.49.301] AndroidManifest.xml:24:22-74
24    <uses-permission android:name="com.huawei.permission.app.DOWNLOAD" />
24-->[com.huawei.hms:ads-core:3.4.49.301] AndroidManifest.xml:25:5-74
24-->[com.huawei.hms:ads-core:3.4.49.301] AndroidManifest.xml:25:22-71
25    <uses-permission android:name="android.permission.QUERY_ALL_PACKAGES" />
25-->[com.huawei.hms:ads-core:3.4.49.301] AndroidManifest.xml:26:5-77
25-->[com.huawei.hms:ads-core:3.4.49.301] AndroidManifest.xml:26:22-74
26    <uses-permission android:name="com.android.permission.GET_INSTALLED_APPS" />
26-->[com.huawei.hms:ads-core:3.4.49.301] AndroidManifest.xml:27:5-81
26-->[com.huawei.hms:ads-core:3.4.49.301] AndroidManifest.xml:27:22-78
27    <uses-permission android:name="android.permission.BROADCAST_STICKY" />
27-->[com.huawei.hms:ads-splash:13.4.49.301] AndroidManifest.xml:12:5-75
27-->[com.huawei.hms:ads-splash:13.4.49.301] AndroidManifest.xml:12:22-72
28
29    <application
29-->src\main\AndroidManifest.xml:8:5-42:19
30        android:name="com.techgeeks.notalone.number.huawei.MyApplication"
30-->src\main\AndroidManifest.xml:9:9-38
31        android:allowBackup="true"
31-->src\main\AndroidManifest.xml:10:9-35
32        android:appComponentFactory="androidx.core.app.CoreComponentFactory"
32-->[androidx.core:core:1.3.1] AndroidManifest.xml:24:18-86
33        android:fullBackupContent="true"
33-->src\main\AndroidManifest.xml:17:9-41
34        android:icon="@drawable/icon"
34-->src\main\AndroidManifest.xml:11:9-38
35        android:label="@string/app_name"
35-->src\main\AndroidManifest.xml:12:9-41
36        android:roundIcon="@drawable/icon"
36-->src\main\AndroidManifest.xml:13:9-43
37        android:supportsRtl="true"
37-->src\main\AndroidManifest.xml:14:9-35
38        android:theme="@style/AppTheme"
38-->src\main\AndroidManifest.xml:16:9-40
39        android:usesCleartextTraffic="true" >
39-->src\main\AndroidManifest.xml:15:9-44
40        <activity
40-->src\main\AndroidManifest.xml:18:9-27:20
41            android:name="com.techgeeks.notalone.number.huawei.SplashActivity"
41-->src\main\AndroidManifest.xml:18:19-85
42            android:configChanges="orientation|keyboardHidden"
42-->src\main\AndroidManifest.xml:20:13-63
43            android:screenOrientation="portrait"
43-->src\main\AndroidManifest.xml:19:13-49
44            android:theme="@style/YellowWindowBG" >
44-->src\main\AndroidManifest.xml:21:13-50
45            <intent-filter>
45-->src\main\AndroidManifest.xml:22:13-26:29
46                <action android:name="android.intent.action.MAIN" />
46-->src\main\AndroidManifest.xml:23:17-69
46-->src\main\AndroidManifest.xml:23:25-66
47
48                <category android:name="android.intent.category.LAUNCHER" />
48-->src\main\AndroidManifest.xml:25:17-77
48-->src\main\AndroidManifest.xml:25:27-74
49            </intent-filter>
50        </activity>
51        <activity
51-->src\main\AndroidManifest.xml:28:9-173
52            android:name="com.techgeeks.notalone.number.huawei.MainActivity"
52-->src\main\AndroidManifest.xml:28:19-83
53            android:configChanges="orientation|keyboardHidden"
53-->src\main\AndroidManifest.xml:28:121-171
54            android:screenOrientation="portrait" />
54-->src\main\AndroidManifest.xml:28:84-120
55        <activity
55-->src\main\AndroidManifest.xml:29:9-173
56            android:name="com.techgeeks.notalone.number.huawei.MenuActivity"
56-->src\main\AndroidManifest.xml:29:19-83
57            android:configChanges="orientation|keyboardHidden"
57-->src\main\AndroidManifest.xml:29:121-171
58            android:screenOrientation="portrait" />
58-->src\main\AndroidManifest.xml:29:84-120
59        <activity
59-->src\main\AndroidManifest.xml:30:9-174
60            android:name="com.techgeeks.notalone.number.huawei.GradeActivity"
60-->src\main\AndroidManifest.xml:30:19-84
61            android:configChanges="orientation|keyboardHidden"
61-->src\main\AndroidManifest.xml:30:122-172
62            android:screenOrientation="portrait" />
62-->src\main\AndroidManifest.xml:30:85-121
63        <activity
63-->src\main\AndroidManifest.xml:31:9-186
64            android:name="com.techgeeks.notalone.number.huawei.FlashMainMultiplyActivity"
64-->src\main\AndroidManifest.xml:31:19-96
65            android:configChanges="orientation|keyboardHidden"
65-->src\main\AndroidManifest.xml:31:134-184
66            android:screenOrientation="portrait" />
66-->src\main\AndroidManifest.xml:31:97-133
67        <activity
67-->src\main\AndroidManifest.xml:32:8-185
68            android:name="com.techgeeks.notalone.number.huawei.FlashMainAdditionActivity"
68-->src\main\AndroidManifest.xml:32:18-95
69            android:configChanges="orientation|keyboardHidden"
69-->src\main\AndroidManifest.xml:32:133-183
70            android:screenOrientation="portrait" />
70-->src\main\AndroidManifest.xml:32:96-132
71        <activity
71-->src\main\AndroidManifest.xml:33:9-181
72            android:name="com.techgeeks.notalone.number.huawei.FlashMainSubActivity"
72-->src\main\AndroidManifest.xml:33:19-91
73            android:configChanges="orientation|keyboardHidden"
73-->src\main\AndroidManifest.xml:33:129-179
74            android:screenOrientation="portrait" />
74-->src\main\AndroidManifest.xml:33:92-128
75        <activity
75-->src\main\AndroidManifest.xml:34:9-188
76            android:name="com.techgeeks.notalone.number.huawei.TrueOrFalseMultiplyActivity"
76-->src\main\AndroidManifest.xml:34:19-98
77            android:configChanges="orientation|keyboardHidden"
77-->src\main\AndroidManifest.xml:34:136-186
78            android:screenOrientation="portrait" />
78-->src\main\AndroidManifest.xml:34:99-135
79        <activity
79-->src\main\AndroidManifest.xml:35:9-183
80            android:name="com.techgeeks.notalone.number.huawei.TrueOrFalseAddActivity"
80-->src\main\AndroidManifest.xml:35:19-93
81            android:configChanges="orientation|keyboardHidden"
81-->src\main\AndroidManifest.xml:35:131-181
82            android:screenOrientation="portrait" />
82-->src\main\AndroidManifest.xml:35:94-130
83        <activity
83-->src\main\AndroidManifest.xml:36:9-183
84            android:name="com.techgeeks.notalone.number.huawei.TrueOrFalseSubActivity"
84-->src\main\AndroidManifest.xml:36:19-93
85            android:configChanges="orientation|keyboardHidden"
85-->src\main\AndroidManifest.xml:36:131-181
86            android:screenOrientation="portrait" />
86-->src\main\AndroidManifest.xml:36:94-130
87        <activity
87-->src\main\AndroidManifest.xml:37:9-165
88            android:name="com.techgeeks.notalone.number.huawei.Info"
88-->src\main\AndroidManifest.xml:37:19-75
89            android:configChanges="orientation|keyboardHidden"
89-->src\main\AndroidManifest.xml:37:113-163
90            android:screenOrientation="portrait" />
90-->src\main\AndroidManifest.xml:37:76-112
91        <activity
91-->src\main\AndroidManifest.xml:38:9-169
92            android:name="com.techgeeks.notalone.number.huawei.Practice"
92-->src\main\AndroidManifest.xml:38:19-79
93            android:configChanges="orientation|keyboardHidden"
93-->src\main\AndroidManifest.xml:38:117-167
94            android:screenOrientation="portrait" />
94-->src\main\AndroidManifest.xml:38:80-116
95        <activity
95-->src\main\AndroidManifest.xml:39:9-197
96            android:name="com.techgeeks.notalone.number.huawei.SelectMultiplicationPracticeActivity"
96-->src\main\AndroidManifest.xml:39:19-107
97            android:configChanges="orientation|keyboardHidden"
97-->src\main\AndroidManifest.xml:39:145-195
98            android:screenOrientation="portrait" />
98-->src\main\AndroidManifest.xml:39:108-144
99
100        <uses-library
100-->[com.huawei.android.hms:security-ssl:1.1.5.301] AndroidManifest.xml:10:9-12:40
101            android:name="org.apache.http.legacy"
101-->[com.huawei.android.hms:security-ssl:1.1.5.301] AndroidManifest.xml:11:13-50
102            android:required="false" />
102-->[com.huawei.android.hms:security-ssl:1.1.5.301] AndroidManifest.xml:12:13-37
103
104        <meta-data
104-->[com.huawei.hms:ads-lite:13.4.49.301] AndroidManifest.xml:13:9-15:52
105            android:name="com.huawei.hms.client.service.name:ads-lite"
105-->[com.huawei.hms:ads-lite:13.4.49.301] AndroidManifest.xml:14:13-71
106            android:value="ads-lite:13.4.49.301" />
106-->[com.huawei.hms:ads-lite:13.4.49.301] AndroidManifest.xml:15:13-49
107        <meta-data
107-->[com.huawei.hms:ads-core:3.4.49.301] AndroidManifest.xml:30:9-32:35
108            android:name="hw.theme_type"
108-->[com.huawei.hms:ads-core:3.4.49.301] AndroidManifest.xml:31:13-41
109            android:value="273" />
109-->[com.huawei.hms:ads-core:3.4.49.301] AndroidManifest.xml:32:13-32
110        <meta-data
110-->[com.huawei.hms:ads-core:3.4.49.301] AndroidManifest.xml:33:9-35:72
111            android:name="permission.reason.android.permission-group.CALENDAR"
111-->[com.huawei.hms:ads-core:3.4.49.301] AndroidManifest.xml:34:13-79
112            android:resource="@string/hiad_calender_description_new" />
112-->[com.huawei.hms:ads-core:3.4.49.301] AndroidManifest.xml:35:13-69
113
114        <provider
114-->[com.huawei.hms:ads-core:3.4.49.301] AndroidManifest.xml:41:9-45:50
115            android:name="com.huawei.openalliance.ad.ppskit.provider.PPSInstallFileProvider"
115-->[com.huawei.hms:ads-core:3.4.49.301] AndroidManifest.xml:42:13-93
116            android:authorities="com.techgeeks.notalone.number.huawei.hiad.fileprovider"
116-->[com.huawei.hms:ads-core:3.4.49.301] AndroidManifest.xml:43:13-69
117            android:exported="false"
117-->[com.huawei.hms:ads-core:3.4.49.301] AndroidManifest.xml:44:13-37
118            android:grantUriPermissions="true" />
118-->[com.huawei.hms:ads-core:3.4.49.301] AndroidManifest.xml:45:13-47
119        <provider
119-->[com.huawei.hms:ads-core:3.4.49.301] AndroidManifest.xml:46:9-49:40
120            android:name="com.huawei.openalliance.ad.ppskit.provider.InnerApiProvider"
120-->[com.huawei.hms:ads-core:3.4.49.301] AndroidManifest.xml:47:13-87
121            android:authorities="com.techgeeks.notalone.number.huawei.pps.innerapiprovider"
121-->[com.huawei.hms:ads-core:3.4.49.301] AndroidManifest.xml:48:13-72
122            android:exported="false" />
122-->[com.huawei.hms:ads-core:3.4.49.301] AndroidManifest.xml:49:13-37
123
124        <service
124-->[com.huawei.hms:ads-core:3.4.49.301] AndroidManifest.xml:51:9-57:19
125            android:name="com.huawei.android.hms.ppskit.PpsCoreService"
125-->[com.huawei.hms:ads-core:3.4.49.301] AndroidManifest.xml:52:13-72
126            android:exported="false" >
126-->[com.huawei.hms:ads-core:3.4.49.301] AndroidManifest.xml:53:13-37
127            <intent-filter>
127-->[com.huawei.hms:ads-core:3.4.49.301] AndroidManifest.xml:54:13-56:29
128                <action android:name="com.huawei.android.hms.ppskit.PPS_API_SERVICE" />
128-->[com.huawei.hms:ads-core:3.4.49.301] AndroidManifest.xml:55:17-88
128-->[com.huawei.hms:ads-core:3.4.49.301] AndroidManifest.xml:55:25-85
129            </intent-filter>
130        </service>
131
132        <activity
132-->[com.huawei.hms:ads-core:3.4.49.301] AndroidManifest.xml:59:9-68:20
133            android:name="com.huawei.openalliance.ad.ppskit.activity.InstallActivity"
133-->[com.huawei.hms:ads-core:3.4.49.301] AndroidManifest.xml:60:13-86
134            android:configChanges="mcc|mnc|keyboard|keyboardHidden|navigation|screenLayout|screenSize|smallestScreenSize|orientation"
134-->[com.huawei.hms:ads-core:3.4.49.301] AndroidManifest.xml:61:13-134
135            android:excludeFromRecents="true"
135-->[com.huawei.hms:ads-core:3.4.49.301] AndroidManifest.xml:62:13-46
136            android:exported="false"
136-->[com.huawei.hms:ads-core:3.4.49.301] AndroidManifest.xml:63:13-37
137            android:theme="@android:style/Theme.Light.NoTitleBar" >
137-->[com.huawei.hms:ads-core:3.4.49.301] AndroidManifest.xml:64:13-66
138            <meta-data
138-->[com.huawei.hms:ads-core:3.4.49.301] AndroidManifest.xml:65:13-67:82
139                android:name="hwc-theme"
139-->[com.huawei.hms:ads-core:3.4.49.301] AndroidManifest.xml:66:17-41
140                android:value="androidhwext:style/Theme.Emui.Light.NoTitleBar" />
140-->[com.huawei.hms:ads-core:3.4.49.301] AndroidManifest.xml:67:17-79
141        </activity>
142        <activity
142-->[com.huawei.hms:ads-core:3.4.49.301] AndroidManifest.xml:69:9-78:20
143            android:name="com.huawei.openalliance.ad.ppskit.activity.HMSSDKInstallActivity"
143-->[com.huawei.hms:ads-core:3.4.49.301] AndroidManifest.xml:70:13-92
144            android:configChanges="mcc|mnc|keyboard|keyboardHidden|navigation|screenLayout|screenSize|smallestScreenSize|orientation"
144-->[com.huawei.hms:ads-core:3.4.49.301] AndroidManifest.xml:71:13-134
145            android:excludeFromRecents="true"
145-->[com.huawei.hms:ads-core:3.4.49.301] AndroidManifest.xml:72:13-46
146            android:exported="false"
146-->[com.huawei.hms:ads-core:3.4.49.301] AndroidManifest.xml:73:13-37
147            android:theme="@android:style/Theme.Light.NoTitleBar" >
147-->[com.huawei.hms:ads-core:3.4.49.301] AndroidManifest.xml:74:13-66
148            <meta-data
148-->[com.huawei.hms:ads-core:3.4.49.301] AndroidManifest.xml:65:13-67:82
149                android:name="hwc-theme"
149-->[com.huawei.hms:ads-core:3.4.49.301] AndroidManifest.xml:66:17-41
150                android:value="androidhwext:style/Theme.Emui.Light.NoTitleBar" />
150-->[com.huawei.hms:ads-core:3.4.49.301] AndroidManifest.xml:67:17-79
151        </activity>
152        <activity
152-->[com.huawei.hms:ads-core:3.4.49.301] AndroidManifest.xml:79:9-94:20
153            android:name="com.huawei.openalliance.ad.ppskit.activity.PPSActivity"
153-->[com.huawei.hms:ads-core:3.4.49.301] AndroidManifest.xml:80:13-82
154            android:configChanges="screenLayout|screenSize|smallestScreenSize|orientation|keyboardHidden"
154-->[com.huawei.hms:ads-core:3.4.49.301] AndroidManifest.xml:81:13-106
155            android:exported="false"
155-->[com.huawei.hms:ads-core:3.4.49.301] AndroidManifest.xml:82:13-37
156            android:label=" "
156-->[com.huawei.hms:ads-core:3.4.49.301] AndroidManifest.xml:83:13-30
157            android:screenOrientation="portrait" >
157-->[com.huawei.hms:ads-core:3.4.49.301] AndroidManifest.xml:84:13-49
158            <intent-filter>
158-->[com.huawei.hms:ads-core:3.4.49.301] AndroidManifest.xml:85:13-89:29
159                <action android:name="com.huawei.hms.pps.action.PPS_DETAIL" />
159-->[com.huawei.hms:ads-core:3.4.49.301] AndroidManifest.xml:86:17-79
159-->[com.huawei.hms:ads-core:3.4.49.301] AndroidManifest.xml:86:25-76
160
161                <category android:name="android.intent.category.DEFAULT" />
161-->[com.huawei.hms:ads-core:3.4.49.301] AndroidManifest.xml:88:17-76
161-->[com.huawei.hms:ads-core:3.4.49.301] AndroidManifest.xml:88:27-73
162            </intent-filter>
163
164            <meta-data
164-->[com.huawei.hms:ads-core:3.4.49.301] AndroidManifest.xml:65:13-67:82
165                android:name="hwc-theme"
165-->[com.huawei.hms:ads-core:3.4.49.301] AndroidManifest.xml:66:17-41
166                android:value="androidhwext:style/Theme.Emui" />
166-->[com.huawei.hms:ads-core:3.4.49.301] AndroidManifest.xml:67:17-79
167        </activity>
168        <activity
168-->[com.huawei.hms:ads-core:3.4.49.301] AndroidManifest.xml:95:9-104:20
169            android:name="com.huawei.openalliance.ad.ppskit.activity.InnerPPSActivity"
169-->[com.huawei.hms:ads-core:3.4.49.301] AndroidManifest.xml:96:13-87
170            android:configChanges="mcc|mnc|keyboard|keyboardHidden|navigation|screenLayout|screenSize|smallestScreenSize|orientation"
170-->[com.huawei.hms:ads-core:3.4.49.301] AndroidManifest.xml:97:13-134
171            android:exported="false"
171-->[com.huawei.hms:ads-core:3.4.49.301] AndroidManifest.xml:98:13-37
172            android:label=" "
172-->[com.huawei.hms:ads-core:3.4.49.301] AndroidManifest.xml:99:13-30
173            android:screenOrientation="portrait" >
173-->[com.huawei.hms:ads-core:3.4.49.301] AndroidManifest.xml:100:13-49
174            <meta-data
174-->[com.huawei.hms:ads-core:3.4.49.301] AndroidManifest.xml:65:13-67:82
175                android:name="hwc-theme"
175-->[com.huawei.hms:ads-core:3.4.49.301] AndroidManifest.xml:66:17-41
176                android:value="androidhwext:style/Theme.Emui" />
176-->[com.huawei.hms:ads-core:3.4.49.301] AndroidManifest.xml:67:17-79
177        </activity>
178        <activity
178-->[com.huawei.hms:ads-core:3.4.49.301] AndroidManifest.xml:105:9-114:20
179            android:name="com.huawei.openalliance.ad.ppskit.activity.InnerPPSArActivity"
179-->[com.huawei.hms:ads-core:3.4.49.301] AndroidManifest.xml:106:13-89
180            android:configChanges="mcc|mnc|keyboard|keyboardHidden|navigation|screenLayout|screenSize|smallestScreenSize|orientation"
180-->[com.huawei.hms:ads-core:3.4.49.301] AndroidManifest.xml:107:13-134
181            android:exported="false"
181-->[com.huawei.hms:ads-core:3.4.49.301] AndroidManifest.xml:108:13-37
182            android:label=" "
182-->[com.huawei.hms:ads-core:3.4.49.301] AndroidManifest.xml:109:13-30
183            android:screenOrientation="portrait" >
183-->[com.huawei.hms:ads-core:3.4.49.301] AndroidManifest.xml:110:13-49
184            <meta-data
184-->[com.huawei.hms:ads-core:3.4.49.301] AndroidManifest.xml:65:13-67:82
185                android:name="hwc-theme"
185-->[com.huawei.hms:ads-core:3.4.49.301] AndroidManifest.xml:66:17-41
186                android:value="androidhwext:style/Theme.Emui" />
186-->[com.huawei.hms:ads-core:3.4.49.301] AndroidManifest.xml:67:17-79
187        </activity>
188        <activity
188-->[com.huawei.hms:ads-core:3.4.49.301] AndroidManifest.xml:115:9-133:20
189            android:name="com.huawei.openalliance.ad.ppskit.activity.PPSRewardActivity"
189-->[com.huawei.hms:ads-core:3.4.49.301] AndroidManifest.xml:116:13-88
190            android:configChanges="mcc|mnc|keyboard|keyboardHidden|navigation|screenLayout|screenSize|smallestScreenSize|orientation|uiMode"
190-->[com.huawei.hms:ads-core:3.4.49.301] AndroidManifest.xml:117:13-141
191            android:exported="false"
191-->[com.huawei.hms:ads-core:3.4.49.301] AndroidManifest.xml:118:13-37
192            android:screenOrientation="behind"
192-->[com.huawei.hms:ads-core:3.4.49.301] AndroidManifest.xml:119:13-47
193            android:theme="@style/HiAdThemeNoActionBarFullScreen" >
193-->[com.huawei.hms:ads-core:3.4.49.301] AndroidManifest.xml:120:13-66
194            <intent-filter>
194-->[com.huawei.hms:ads-core:3.4.49.301] AndroidManifest.xml:121:13-125:29
195                <action android:name="com.huawei.hms.pps.action.PPS_REWARD" />
195-->[com.huawei.hms:ads-core:3.4.49.301] AndroidManifest.xml:122:17-79
195-->[com.huawei.hms:ads-core:3.4.49.301] AndroidManifest.xml:122:25-76
196
197                <category android:name="android.intent.category.DEFAULT" />
197-->[com.huawei.hms:ads-core:3.4.49.301] AndroidManifest.xml:88:17-76
197-->[com.huawei.hms:ads-core:3.4.49.301] AndroidManifest.xml:88:27-73
198            </intent-filter>
199
200            <meta-data
200-->[com.huawei.hms:ads-core:3.4.49.301] AndroidManifest.xml:65:13-67:82
201                android:name="hwc-theme"
201-->[com.huawei.hms:ads-core:3.4.49.301] AndroidManifest.xml:66:17-41
202                android:value="androidhwext:style/Theme.Emui.NoActionBar.Fullscreen" />
202-->[com.huawei.hms:ads-core:3.4.49.301] AndroidManifest.xml:67:17-79
203            <meta-data
203-->[com.huawei.hms:ads-core:3.4.49.301] AndroidManifest.xml:130:13-132:41
204                android:name="android.notch_support"
204-->[com.huawei.hms:ads-core:3.4.49.301] AndroidManifest.xml:131:17-53
205                android:value="false" />
205-->[com.huawei.hms:ads-core:3.4.49.301] AndroidManifest.xml:132:17-38
206        </activity>
207        <activity
207-->[com.huawei.hms:ads-core:3.4.49.301] AndroidManifest.xml:134:9-145:20
208            android:name="com.huawei.openalliance.ad.ppskit.activity.InnerPPSRewardActivity"
208-->[com.huawei.hms:ads-core:3.4.49.301] AndroidManifest.xml:135:13-93
209            android:configChanges="mcc|mnc|keyboard|keyboardHidden|navigation|screenLayout|screenSize|smallestScreenSize|orientation"
209-->[com.huawei.hms:ads-core:3.4.49.301] AndroidManifest.xml:136:13-134
210            android:exported="false"
210-->[com.huawei.hms:ads-core:3.4.49.301] AndroidManifest.xml:137:13-37
211            android:theme="@style/HiAdThemeNoActionBarFullScreen" >
211-->[com.huawei.hms:ads-core:3.4.49.301] AndroidManifest.xml:138:13-66
212            <meta-data
212-->[com.huawei.hms:ads-core:3.4.49.301] AndroidManifest.xml:65:13-67:82
213                android:name="hwc-theme"
213-->[com.huawei.hms:ads-core:3.4.49.301] AndroidManifest.xml:66:17-41
214                android:value="androidhwext:style/Theme.Emui.NoActionBar.Fullscreen" />
214-->[com.huawei.hms:ads-core:3.4.49.301] AndroidManifest.xml:67:17-79
215            <meta-data
215-->[com.huawei.hms:ads-core:3.4.49.301] AndroidManifest.xml:130:13-132:41
216                android:name="android.notch_support"
216-->[com.huawei.hms:ads-core:3.4.49.301] AndroidManifest.xml:131:17-53
217                android:value="false" />
217-->[com.huawei.hms:ads-core:3.4.49.301] AndroidManifest.xml:132:17-38
218        </activity>
219        <activity
219-->[com.huawei.hms:ads-core:3.4.49.301] AndroidManifest.xml:146:9-158:20
220            android:name="com.huawei.openalliance.ad.ppskit.activity.InnerPPSInterstitialAdActivity"
220-->[com.huawei.hms:ads-core:3.4.49.301] AndroidManifest.xml:147:13-101
221            android:configChanges="mcc|mnc|keyboard|keyboardHidden|navigation|screenLayout|screenSize|smallestScreenSize"
221-->[com.huawei.hms:ads-core:3.4.49.301] AndroidManifest.xml:148:13-122
222            android:exported="false"
222-->[com.huawei.hms:ads-core:3.4.49.301] AndroidManifest.xml:149:13-37
223            android:screenOrientation="sensor"
223-->[com.huawei.hms:ads-core:3.4.49.301] AndroidManifest.xml:150:13-47
224            android:theme="@android:style/Theme.Translucent.NoTitleBar.Fullscreen" >
224-->[com.huawei.hms:ads-core:3.4.49.301] AndroidManifest.xml:151:13-83
225            <meta-data
225-->[com.huawei.hms:ads-core:3.4.49.301] AndroidManifest.xml:65:13-67:82
226                android:name="hwc-theme"
226-->[com.huawei.hms:ads-core:3.4.49.301] AndroidManifest.xml:66:17-41
227                android:value="androidhwext:style/Theme.Emui.Translucent.NoTitleBar.Fullscreen" />
227-->[com.huawei.hms:ads-core:3.4.49.301] AndroidManifest.xml:67:17-79
228            <meta-data
228-->[com.huawei.hms:ads-core:3.4.49.301] AndroidManifest.xml:130:13-132:41
229                android:name="android.notch_support"
229-->[com.huawei.hms:ads-core:3.4.49.301] AndroidManifest.xml:131:17-53
230                android:value="false" />
230-->[com.huawei.hms:ads-core:3.4.49.301] AndroidManifest.xml:132:17-38
231        </activity>
232        <activity
232-->[com.huawei.hms:ads-core:3.4.49.301] AndroidManifest.xml:159:9-177:20
233            android:name="com.huawei.openalliance.ad.ppskit.activity.InterstitialAdActivity"
233-->[com.huawei.hms:ads-core:3.4.49.301] AndroidManifest.xml:160:13-93
234            android:configChanges="mcc|mnc|keyboard|keyboardHidden|navigation|screenLayout|screenSize|smallestScreenSize"
234-->[com.huawei.hms:ads-core:3.4.49.301] AndroidManifest.xml:161:13-122
235            android:exported="false"
235-->[com.huawei.hms:ads-core:3.4.49.301] AndroidManifest.xml:162:13-37
236            android:screenOrientation="sensor"
236-->[com.huawei.hms:ads-core:3.4.49.301] AndroidManifest.xml:163:13-47
237            android:theme="@android:style/Theme.Translucent.NoTitleBar.Fullscreen" >
237-->[com.huawei.hms:ads-core:3.4.49.301] AndroidManifest.xml:164:13-83
238            <intent-filter>
238-->[com.huawei.hms:ads-core:3.4.49.301] AndroidManifest.xml:165:13-169:29
239                <action android:name="com.huawei.hms.pps.action.PPS_INTERSTITIAL" />
239-->[com.huawei.hms:ads-core:3.4.49.301] AndroidManifest.xml:166:17-85
239-->[com.huawei.hms:ads-core:3.4.49.301] AndroidManifest.xml:166:25-82
240
241                <category android:name="android.intent.category.DEFAULT" />
241-->[com.huawei.hms:ads-core:3.4.49.301] AndroidManifest.xml:88:17-76
241-->[com.huawei.hms:ads-core:3.4.49.301] AndroidManifest.xml:88:27-73
242            </intent-filter>
243
244            <meta-data
244-->[com.huawei.hms:ads-core:3.4.49.301] AndroidManifest.xml:65:13-67:82
245                android:name="hwc-theme"
245-->[com.huawei.hms:ads-core:3.4.49.301] AndroidManifest.xml:66:17-41
246                android:value="androidhwext:style/Theme.Emui.Translucent.NoTitleBar.Fullscreen" />
246-->[com.huawei.hms:ads-core:3.4.49.301] AndroidManifest.xml:67:17-79
247            <meta-data
247-->[com.huawei.hms:ads-core:3.4.49.301] AndroidManifest.xml:130:13-132:41
248                android:name="android.notch_support"
248-->[com.huawei.hms:ads-core:3.4.49.301] AndroidManifest.xml:131:17-53
249                android:value="false" />
249-->[com.huawei.hms:ads-core:3.4.49.301] AndroidManifest.xml:132:17-38
250        </activity>
251        <activity
251-->[com.huawei.hms:ads-core:3.4.49.301] AndroidManifest.xml:178:9-186:20
252            android:name="com.huawei.openalliance.ad.ppskit.activity.AgProtocolActivity"
252-->[com.huawei.hms:ads-core:3.4.49.301] AndroidManifest.xml:179:13-89
253            android:configChanges="orientation|screenSize"
253-->[com.huawei.hms:ads-core:3.4.49.301] AndroidManifest.xml:180:13-59
254            android:exported="false"
254-->[com.huawei.hms:ads-core:3.4.49.301] AndroidManifest.xml:181:13-37
255            android:theme="@android:style/Theme.Translucent.NoTitleBar" >
255-->[com.huawei.hms:ads-core:3.4.49.301] AndroidManifest.xml:182:13-72
256            <meta-data
256-->[com.huawei.hms:ads-core:3.4.49.301] AndroidManifest.xml:65:13-67:82
257                android:name="hwc-theme"
257-->[com.huawei.hms:ads-core:3.4.49.301] AndroidManifest.xml:66:17-41
258                android:value="androidhwext:style/Theme.Emui.Translucent.NoTitleBar" />
258-->[com.huawei.hms:ads-core:3.4.49.301] AndroidManifest.xml:67:17-79
259        </activity>
260        <activity
260-->[com.huawei.hms:ads-core:3.4.49.301] AndroidManifest.xml:187:9-202:20
261            android:name="com.huawei.openalliance.ad.ppskit.activity.PPSArActivity"
261-->[com.huawei.hms:ads-core:3.4.49.301] AndroidManifest.xml:188:13-84
262            android:configChanges="orientation|keyboardHidden|screenSize"
262-->[com.huawei.hms:ads-core:3.4.49.301] AndroidManifest.xml:189:13-74
263            android:exported="false"
263-->[com.huawei.hms:ads-core:3.4.49.301] AndroidManifest.xml:190:13-37
264            android:screenOrientation="portrait"
264-->[com.huawei.hms:ads-core:3.4.49.301] AndroidManifest.xml:191:13-49